[2021-05-09 23:45:43,882] 33b5fd2b-493b-44c0-8d1f-e663ad6650bd(test) requested login
[2021-05-09 23:52:29,598] 5a6a9827-730e-477e-8a60-37eff738089c(kilian) requested login
[2021-05-09 23:53:41,525] e1e0f81a-4fe6-4508-8622-8bb1e8205045(kilian) requested login
[2021-05-09 23:53:41,530] e1e0f81a-4fe6-4508-8622-8bb1e8205045(kilian) requested get_confirmed
[2021-05-09 23:56:47,942] f8538f9e-737f-49cf-b2c2-9a8902f910d7(kilian) requested login
[2021-05-09 23:57:15,172] 51e0e3b3-9a35-4b74-924e-88e58a352530(kilian) requested login
[2021-05-09 23:58:44,938] e824bbdf-a88d-45bd-9e5f-93d4c4a13907(kilian) requested login
[2021-05-09 23:59:05,914] 6d72350d-cf19-4c2a-b064-e2ded2318dae(kilian) requested login
[2021-05-09 23:59:57,325] 29e3ffa5-f823-4b10-b457-6342286e7c28(kilian) requested login
[2021-05-10 00:04:33,530] f465f522-e913-4bb0-b063-a753b9415a5a(kilian) requested login
[2021-05-10 00:04:52,244] 14561c3d-8e82-4e4f-a6fa-1bdb88ef0920(kilian) requested login
[2021-05-10 00:04:52,248] 14561c3d-8e82-4e4f-a6fa-1bdb88ef0920(kilian) requested get_kepler_name
[2021-05-10 00:05:33,106] f27498a2-c1f7-449f-9ab8-36b4f90bc04e(kilian) requested login
[2021-05-10 00:05:33,110] f27498a2-c1f7-449f-9ab8-36b4f90bc04e(kilian) requested get_kepler_name
[2021-05-10 00:06:45,293] 66fc20ef-340d-4a6e-84f3-04e425dea0d5(kilian) requested login
[2021-05-10 00:06:45,297] 66fc20ef-340d-4a6e-84f3-04e425dea0d5(kilian) requested get_kepler_name
[2021-05-10 00:06:52,060] c484ab21-e7c2-4a10-b813-f6d75ba1fea2(kilian) requested login
[2021-05-10 00:06:52,065] c484ab21-e7c2-4a10-b813-f6d75ba1fea2(kilian) requested get_kepler_name
[2021-05-10 00:06:56,445] 3e661969-5b8a-462f-95c8-c931901d2b63(kilian) requested login
[2021-05-10 00:06:56,449] 3e661969-5b8a-462f-95c8-c931901d2b63(kilian) requested get_kepler_name
[2021-05-10 00:15:42,733] 42dd4d7f-4bda-43ff-8fc6-ac9eea951f6f(kilian) requested login
[2021-05-10 00:15:42,736] 42dd4d7f-4bda-43ff-8fc6-ac9eea951f6f(kilian) requested get_kepler_name
[2021-05-10 00:22:57,603] 7bbd0b01-1868-40ce-afc2-f6998dcc1192(kilian) requested login
[2021-05-10 00:22:57,607] 7bbd0b01-1868-40ce-afc2-f6998dcc1192(kilian) requested get_kepler_name
[2021-05-10 00:49:32,917] e07fb3e2-38a3-473e-8070-85259c03efec(ois) requested login
[2021-05-10 00:49:41,024] e07fb3e2-38a3-473e-8070-85259c03efec(ois) requested get_confirmed
[2021-05-10 00:50:49,644] a1416e3e-aad0-4e10-8b58-236c54218ab4(sidof) requested login
[2021-05-10 00:50:52,596] a1416e3e-aad0-4e10-8b58-236c54218ab4(sidof) requested get_confirmed
[2021-05-10 00:53:09,500] c92ba6b6-35e3-4c45-a813-893f31f02346(oisf) requested login
[2021-05-10 00:53:13,182] c92ba6b6-35e3-4c45-a813-893f31f02346(oisf) requested get_confirmed
[2021-05-10 00:57:06,129] 5f5e4e78-bc14-4348-b660-5e2b10758f7a(siod) requested login
[2021-05-10 00:57:11,181] 5f5e4e78-bc14-4348-b660-5e2b10758f7a(siod) requested get_confirmed
[2021-05-10 00:57:55,553] d7eb0931-148a-4bf9-a27a-6a302928fc6d(sdf) requested login
[2021-05-10 00:57:57,377] d7eb0931-148a-4bf9-a27a-6a302928fc6d(sdf) requested get_confirmed
[2021-05-10 01:01:35,813] eb646ca3-e344-4c53-8090-8c6bbda1a996(dfdsfkl) requested login
[2021-05-10 01:01:38,453] eb646ca3-e344-4c53-8090-8c6bbda1a996(dfdsfkl) requested get_confirmed
[2021-05-10 01:09:14,602] 58475175-a0dc-4115-b030-3cb2eaf983c1(i) requested login
[2021-05-10 01:09:16,515] 58475175-a0dc-4115-b030-3cb2eaf983c1(i) requested get_confirmed
[2021-05-10 01:29:44,953] 4755d10d-1c7c-4b33-826e-46e23ef33da7(ds) requested login
[2021-05-10 01:30:00,674] 4755d10d-1c7c-4b33-826e-46e23ef33da7(ds) requested get_confirmed
[2021-05-10 01:31:50,934] d06724f6-8a35-4c91-815c-b2c123dca0e6(sdlfkj) requested login
[2021-05-10 01:31:53,186] d06724f6-8a35-4c91-815c-b2c123dca0e6(sdlfkj) requested get_confirmed
[2021-05-10 01:32:26,639] 6d7ae35d-8536-4716-a55a-4618ac0911b9(dfj) requested login
[2021-05-10 01:32:28,641] 6d7ae35d-8536-4716-a55a-4618ac0911b9(dfj) requested get_confirmed
[2021-05-10 01:57:32,132] 7e27b891-aefa-45a0-94ed-5f14a1ed514c(dslfkj) requested login
[2021-05-10 01:58:21,300] 40b9ec00-c7e9-4286-9160-f77f447a4dfe(dsfsdf) requested login
[2021-05-10 01:58:28,794] 40b9ec00-c7e9-4286-9160-f77f447a4dfe(dsfsdf) requested get_confirmed
[2021-05-10 02:02:12,233] 3ce991c8-4b1e-4035-90d6-c736dd182d67(dlfkj) requested login
[2021-05-10 02:07:19,653] 66f6e408-e47e-456a-bbf0-12cf180ea3eb(lfdj) requested login
[2021-05-10 02:08:23,428] 6875da71-3010-4c71-bab0-0036e42a5d54(dlf) requested login
[2021-05-10 02:08:58,689] 6875da71-3010-4c71-bab0-0036e42a5d54(dlf) requested get_confirmed
[2021-05-10 02:11:18,893] 27dfff88-cf1d-4a1d-beaa-476d150a7ede(dsf) requested login
[2021-05-10 02:12:25,385] 2c910fc4-d5b2-48fa-a8c7-b320599ff277(dslfk) requested login
[2021-05-10 02:12:32,627] 2c910fc4-d5b2-48fa-a8c7-b320599ff277(dslfk) requested get_kepler_name
[2021-05-10 02:13:44,043] 75720dc2-01fe-4322-aec8-8eed5494812e(skj) requested login
[2021-05-10 02:13:49,159] 75720dc2-01fe-4322-aec8-8eed5494812e(skj) requested get_kepler_name
[2021-05-10 11:14:43,976] da7f7493-5739-4c13-9fef-370c75fd9c24(jsdkl) requested login
[2021-05-10 11:14:46,506] da7f7493-5739-4c13-9fef-370c75fd9c24(jsdkl) requested get_confirmed
[2021-05-10 11:16:34,211] da7f7493-5739-4c13-9fef-370c75fd9c24(jsdkl) requested get_kepler_name
[2021-05-10 11:24:01,051] 951af9ef-a325-4ff3-8888-8ab18c05d83d(dkfl) requested login
[2021-05-10 11:24:37,909] 951af9ef-a325-4ff3-8888-8ab18c05d83d(dkfl) requested get_confirmed
[2021-05-10 11:24:51,953] 951af9ef-a325-4ff3-8888-8ab18c05d83d(dkfl) requested get_kepler_name
[2021-05-10 11:25:15,289] 951af9ef-a325-4ff3-8888-8ab18c05d83d(dkfl) requested get_kepler_name
[2021-05-10 11:25:24,285] 951af9ef-a325-4ff3-8888-8ab18c05d83d(dkfl) requested get_kepler_name
[2021-05-10 11:27:33,614] 2d340908-09c5-4d86-9e4a-0447a9a12fdb(dfkjl) requested login
[2021-05-10 11:27:40,684] 2d340908-09c5-4d86-9e4a-0447a9a12fdb(dfkjl) requested get_confirmed
[2021-05-10 11:27:49,638] 2d340908-09c5-4d86-9e4a-0447a9a12fdb(dfkjl) requested get_kepler_name
[2021-05-10 11:32:04,143] fed3856e-c11c-4266-aecd-627e4e132f76(lksf) requested login
[2021-05-10 11:32:06,862] fed3856e-c11c-4266-aecd-627e4e132f76(lksf) requested get_confirmed
[2021-05-10 11:32:25,662] fed3856e-c11c-4266-aecd-627e4e132f76(lksf) requested get_kepler_name
[2021-05-10 11:32:32,635] fed3856e-c11c-4266-aecd-627e4e132f76(lksf) requested get_kepler_name
[2021-05-10 11:32:44,019] fed3856e-c11c-4266-aecd-627e4e132f76(lksf) requested get_kepler_name
[2021-05-10 11:34:01,808] 8f42b965-b181-4c6f-9347-d6ab2931ec02(kf) requested login
[2021-05-10 11:34:26,576] 3b126b34-b224-4040-aeab-a7e977d52051(dlfjdldfsd) requested login
[2021-05-10 11:35:29,604] 4467f82e-b9fe-4871-b5b1-56c9e2155216(dlfksdjflk) requested login
[2021-05-10 11:35:35,887] 4467f82e-b9fe-4871-b5b1-56c9e2155216(dlfksdjflk) requested get_kepler_name
[2021-05-10 11:36:01,200] de091530-71f9-4e03-a2be-5f008074f781(lds) requested login
[2021-05-10 11:36:44,857] 90c78d52-70b4-450b-898a-4cf8f87e4298(sdfkjl) requested login
[2021-05-10 11:37:20,881] 589d0c05-510b-455e-af18-78094e1945f6(sdf) requested login
[2021-05-10 11:37:29,801] 589d0c05-510b-455e-af18-78094e1945f6(sdf) requested get_kepler_name
[2021-05-10 11:37:40,006] 589d0c05-510b-455e-af18-78094e1945f6(sdf) requested get_kepler_name
[2021-05-10 11:37:50,079] 589d0c05-510b-455e-af18-78094e1945f6(sdf) requested get_confirmed
[2021-05-10 11:38:12,050] 589d0c05-510b-455e-af18-78094e1945f6(sdf) requested get_kepler_name
[2021-05-10 11:38:28,368] 589d0c05-510b-455e-af18-78094e1945f6(sdf) requested get_kepler_name
